Using pre-set license

 COMMAND LINE ARGUMENTS:
/Applications/Unity/Hub/Editor/2020.3.6f1/Unity.app/Contents/MacOS/Unity
-adb2
-batchMode
-noUpm
-name
AssetImportWorker0
-projectPath
/Users/archy/Unity Projects/Bigger Games Case
-logFile
Logs/AssetImportWorker0.log
-srvPort
58746
Successfully changed project path to: /Users/archy/Unity Projects/Bigger Games Case
/Users/archy/Unity Projects/Bigger Games Case
Using Asset Import Pipeline V2.
Refreshing native plugins compatible for Editor in 21.95 ms, found 1 plugins.
Preloading 0 native plugins for Editor in 0.00 ms.
Initialize engine version: 2020.3.6f1 (338bb68529b2)
[Subsystems] Discovering subsystems at path /Applications/Unity/Hub/Editor/2020.3.6f1/Unity.app/Contents/Resources/UnitySubsystems
[Subsystems] Discovering subsystems at path /Users/archy/Unity Projects/Bigger Games Case/Assets
GfxDevice: creating device client; threaded=0
2021-12-30 18:27:01.582 Unity[4536:253638] Color LCD preferred device: Intel(R) UHD Graphics 630 (low power)
2021-12-30 18:27:01.582 Unity[4536:253638] Metal devices available: 2
2021-12-30 18:27:01.582 Unity[4536:253638] 0: AMD Radeon Pro 5500M (high power)
2021-12-30 18:27:01.582 Unity[4536:253638] 1: Intel(R) UHD Graphics 630 (low power)
2021-12-30 18:27:01.582 Unity[4536:253638] Using device AMD Radeon Pro 5500M (high power)
Initializing Metal device caps: AMD Radeon Pro 5500M
Initialize mono
Mono path[0] = '/Applications/Unity/Hub/Editor/2020.3.6f1/Unity.app/Contents/Managed'
Mono path[1] = '/Applications/Unity/Hub/Editor/2020.3.6f1/Unity.app/Contents/MonoBleedingEdge/lib/mono/unityjit'
Mono config path = '/Applications/Unity/Hub/Editor/2020.3.6f1/Unity.app/Contents/MonoBleedingEdge/etc'
Using monoOptions --debugger-agent=transport=dt_socket,embedding=1,server=y,suspend=n,address=127.0.0.1:56536
Begin MonoManager ReloadAssembly
Registering precompiled unity dll's ...
Register platform support module: /Applications/Unity/Hub/Editor/2020.3.6f1/Unity.app/Contents/PlaybackEngines/MacStandaloneSupport/UnityEditor.OSXStandalone.Extensions.dll
Registered in 0.000649 seconds.
Native extension for OSXStandalone target not found
Refreshing native plugins compatible for Editor in 24.06 ms, found 1 plugins.
Preloading 0 native plugins for Editor in 0.00 ms.
Mono: successfully reloaded assembly
- Completed reload, in  3.340 seconds
Platform modules already initialized, skipping
Registering precompiled user dll's ...
Registered in 0.000613 seconds.
Begin MonoManager ReloadAssembly
Native extension for OSXStandalone target not found
Refreshing native plugins compatible for Editor in 1.34 ms, found 1 plugins.
Preloading 0 native plugins for Editor in 0.00 ms.
Mono: successfully reloaded assembly
- Completed reload, in  1.256 seconds
Platform modules already initialized, skipping
========================================================================
Worker process is ready to serve import requests
Launching external process: /Applications/Unity/Hub/Editor/2020.3.6f1/Unity.app/Contents/Tools/UnityShaderCompiler
Launched and connected shader compiler UnityShaderCompiler after 0.01 seconds
Refreshing native plugins compatible for Editor in 0.21 ms, found 1 plugins.
Preloading 0 native plugins for Editor in 0.00 ms.
Unloading 1120 Unused Serialized files (Serialized files now loaded: 0)
System memory in use before: 121.9 MB.
System memory in use after: 122.0 MB.

Unloading 9 unused Assets to reduce memory usage. Loaded Objects now: 1580.
Total: 2.176166 ms (FindLiveObjects: 0.157991 ms CreateObjectMapping: 0.039241 ms MarkObjects: 1.894869 ms  DeleteObjects: 0.083030 ms)

========================================================================
Received Import Request.
  path: Assets/Scripts/LevelGenerator.cs
  artifactKey: Guid(1b064ac55f96447dcab2fab668e65092) Importer(815301076,1909f56bfc062723c751e8b465ee728b)
Start importing Assets/Scripts/LevelGenerator.cs using Guid(1b064ac55f96447dcab2fab668e65092) Importer(815301076,1909f56bfc062723c751e8b465ee728b)  -> (artifact id: '85e0a87672c704cd09dd32ad00605fa6') in 0.380526 seconds
  Import took 0.383636 seconds .

========================================================================
Received Prepare
Registering precompiled user dll's ...
Registered in 0.000264 seconds.
Begin MonoManager ReloadAssembly
Native extension for OSXStandalone target not found
Refreshing native plugins compatible for Editor in 0.19 ms, found 1 plugins.
Preloading 0 native plugins for Editor in 0.00 ms.
Mono: successfully reloaded assembly
- Completed reload, in  1.112 seconds
Platform modules already initialized, skipping
Refreshing native plugins compatible for Editor in 0.18 ms, found 1 plugins.
Preloading 0 native plugins for Editor in 0.00 ms.
Unloading 1115 Unused Serialized files (Serialized files now loaded: 0)
System memory in use before: 126.3 MB.
System memory in use after: 126.4 MB.

Unloading 5 unused Assets to reduce memory usage. Loaded Objects now: 1583.
Total: 1.628075 ms (FindLiveObjects: 0.141745 ms CreateObjectMapping: 0.039312 ms MarkObjects: 1.379931 ms  DeleteObjects: 0.066102 ms)

AssetImportWorkerClient::OnTransportError - code=2 error=End of file
